<?xml version="1.0" encoding="UTF-8"?>
<!-- Generated by org.testng.reporters.JUnitReportReporter -->
<testsuite skipped="0" hostname="LAPTOP-0FGJQ36B" name="integrate.Integration2" tests="1" failures="0" timestamp="26 Aug 2018 16:59:37 GMT" time="1.800" errors="0">
  <testcase name="login" time="1.800" classname="integrate.Integration2"/>
</testsuite> <!-- integrate.Integration2 -->
